<?xml version="1.0" encoding="UTF-8"?>
<!-- Generated by org.testng.reporters.JUnitXMLReporter -->
<testsuite hostname="LAPTOP-T3UANJN2" ignored="0" name="Regression Test" tests="11" failures="2" timestamp="2022-12-13T17:39:31 GMT" time="70.593" errors="0">
  <testcase name="verifyProductAddedToShoppingCartSuccessFully" time="9.023" classname="com.tutorialsninja.testsuite.DesktopPageTest"/>
  <testcase name="verifyProductArrangeInAlphabeticalOrder" time="1.604" classname="com.tutorialsninja.testsuite.DesktopPageTest"/>
  <testcase name="verifyUserShouldNavigateToComponentsPageSuccessfully" time="0.614" classname="com.tutorialsninja.testsuite.HomePageTest"/>
  <testcase name="verifyUserShouldNavigateToDesktopsPageSuccessfully" time="0.915" classname="com.tutorialsninja.testsuite.HomePageTest"/>
  <testcase name="verifyUserShouldNavigateToLaptopsAndNotebooksPageSuccessfully" time="0.714" classname="com.tutorialsninja.testsuite.HomePageTest"/>
  <testcase name="verifyProductsPriceDisplayHighToLowSuccessfully" time="6.336" classname="com.tutorialsninja.testsuite.LaptopsAndNotebooksPageTest"/>
  <testcase name="verifyThatUserPlaceOrderSuccessfully" time="3.952" classname="com.tutorialsninja.testsuite.LaptopsAndNotebooksPageTest">
    <failure type="java.lang.NullPointerException">
      <![CDATA[java.lang.NullPointerException
at com.tutorialsninja.testsuite.LaptopsAndNotebooksPageTest.verifyThatUserPlaceOrderSuccessfully(LaptopsAndNotebooksPageTest.java:54)
at java.util.ArrayList.forEach(ArrayList.java:1249)
at com.intellij.rt.testng.IDEARemoteTestNG.run(IDEARemoteTestNG.java:66)
at com.intellij.rt.testng.RemoteTestNGStarter.main(RemoteTestNGStarter.java:109)
... Removed 24 stack frames]]>
    </failure>
  </testcase> <!-- verifyThatUserPlaceOrderSuccessfully -->
  <testcase name="verifyThatUserRegisterAccountSuccessfully" time="2.925" classname="com.tutorialsninja.testsuite.MyAccountsPageTest"/>
  <testcase name="verifyThatUserShouldLoginAndLogoutSuccessfully" time="2.991" classname="com.tutorialsninja.testsuite.MyAccountsPageTest">
    <failure type="org.openqa.selenium.StaleElementReferenceException" message="stale element reference: element is not attached to the page document
  (Session info: chrome=108.0.5359.99)
For documentation on this error, please visit: https://selenium.dev/exceptions/#stale_element_reference
Build info: version: &amp;apos;4.6.0&amp;apos;, revision: &amp;apos;79f1c02ae20&amp;apos;
System info: os.name: &amp;apos;Windows 10&amp;apos;, os.arch: &amp;apos;amd64&amp;apos;, os.version: &amp;apos;10.0&amp;apos;, java.version: &amp;apos;1.8.0_121&amp;apos;
Driver info: org.openqa.selenium.chrome.ChromeDriver
Command: [1799dee791ef2016e543ce5f487ff10a, clickElement {id=294452b9-281c-4e6e-902d-4e3106ab9304}]
Capabilities {acceptInsecureCerts: false, browserName: chrome, browserVersion: 108.0.5359.99, chrome: {chromedriverVersion: 108.0.5359.71 (1e0e3868ee06..., userDataDir: C:\Users\topig\AppData\Loca...}, goog:chromeOptions: {debuggerAddress: localhost:53211}, networkConnectionEnabled: false, pageLoadStrategy: normal, platformName: WINDOWS, proxy: Proxy(), se:cdp: ws://localhost:53211/devtoo..., se:cdpVersion: 108.0.5359.99, setWindowRect: true, strictFileInteractability: false, timeouts: {implicit: 0, pageLoad: 300000, script: 30000}, unhandledPromptBehavior: dismiss and notify, webauthn:extension:credBlob: true, webauthn:extension:largeBlob: true, webauthn:virtualAuthenticators: true}
Element: [[ChromeDriver: chrome on WINDOWS (1799dee791ef2016e543ce5f487ff10a)] -&amp;gt; xpath: //span[text()=&amp;apos;My Account&amp;apos;]]
Session ID: 1799dee791ef2016e543ce5f487ff10a">
      <![CDATA[org.openqa.selenium.StaleElementReferenceException: stale element reference: element is not attached to the page document
  (Session info: chrome=108.0.5359.99)
For documentation on this error, please visit: https://selenium.dev/exceptions/#stale_element_reference
Build info: version: '4.6.0', revision: '79f1c02ae20'
System info: os.name: 'Windows 10', os.arch: 'amd64', os.version: '10.0', java.version: '1.8.0_121'
Driver info: org.openqa.selenium.chrome.ChromeDriver
Command: [1799dee791ef2016e543ce5f487ff10a, clickElement {id=294452b9-281c-4e6e-902d-4e3106ab9304}]
Capabilities {acceptInsecureCerts: false, browserName: chrome, browserVersion: 108.0.5359.99, chrome: {chromedriverVersion: 108.0.5359.71 (1e0e3868ee06..., userDataDir: C:\Users\topig\AppData\Loca...}, goog:chromeOptions: {debuggerAddress: localhost:53211}, networkConnectionEnabled: false, pageLoadStrategy: normal, platformName: WINDOWS, proxy: Proxy(), se:cdp: ws://localhost:53211/devtoo..., se:cdpVersion: 108.0.5359.99, setWindowRect: true, strictFileInteractability: false, timeouts: {implicit: 0, pageLoad: 300000, script: 30000}, unhandledPromptBehavior: dismiss and notify, webauthn:extension:credBlob: true, webauthn:extension:largeBlob: true, webauthn:virtualAuthenticators: true}
Element: [[ChromeDriver: chrome on WINDOWS (1799dee791ef2016e543ce5f487ff10a)] -> xpath: //span[text()='My Account']]
Session ID: 1799dee791ef2016e543ce5f487ff10a
at org.openqa.selenium.remote.codec.w3c.W3CHttpResponseCodec.createException(W3CHttpResponseCodec.java:200)
at org.openqa.selenium.remote.codec.w3c.W3CHttpResponseCodec.decode(W3CHttpResponseCodec.java:133)
at org.openqa.selenium.remote.codec.w3c.W3CHttpResponseCodec.decode(W3CHttpResponseCodec.java:53)
at org.openqa.selenium.remote.HttpCommandExecutor.execute(HttpCommandExecutor.java:184)
at org.openqa.selenium.remote.service.DriverCommandExecutor.invokeExecute(DriverCommandExecutor.java:167)
at org.openqa.selenium.remote.service.DriverCommandExecutor.execute(DriverCommandExecutor.java:142)
at org.openqa.selenium.remote.RemoteWebDriver.execute(RemoteWebDriver.java:541)
at org.openqa.selenium.remote.RemoteWebElement.execute(RemoteWebElement.java:257)
at org.openqa.selenium.remote.RemoteWebElement.click(RemoteWebElement.java:78)
at org.openqa.selenium.support.pagefactory.internal.LocatingElementHandler.invoke(LocatingElementHandler.java:52)
at com.sun.proxy.$Proxy16.click(Unknown Source)
at com.tutorialsninja.utility.Utility.clickOnElement(Utility.java:53)
at com.tutorialsninja.pages.HomePage.clickOnMyAccount(HomePage.java:83)
at com.tutorialsninja.testsuite.MyAccountsPageTest.verifyThatUserShouldLoginAndLogoutSuccessfully(MyAccountsPageTest.java:74)
at java.util.ArrayList.forEach(ArrayList.java:1249)
at com.intellij.rt.testng.IDEARemoteTestNG.run(IDEARemoteTestNG.java:66)
at com.intellij.rt.testng.RemoteTestNGStarter.main(RemoteTestNGStarter.java:109)
... Removed 31 stack frames]]>
    </failure>
  </testcase> <!-- verifyThatUserShouldLoginAndLogoutSuccessfully -->
  <testcase name="verifyUserShouldNavigateToLoginPageSuccessfully" time="0.461" classname="com.tutorialsninja.testsuite.MyAccountsPageTest"/>
  <testcase name="verifyUserShouldNavigateToRegisterPageSuccessfully" time="0.774" classname="com.tutorialsninja.testsuite.MyAccountsPageTest"/>
</testsuite> <!-- Regression Test -->
