<?xml version="1.0" encoding="UTF-8"?>
<!-- Generated by org.testng.reporters.JUnitReportReporter -->
<testsuite skipped="0" hostname="LAPTOP-T3UANJN2" name="com.tutorialsninja.testsuite.MyAccountsPageTest" tests="4" failures="0" timestamp="2022-12-13T17:39:31 GMT" time="20.833" errors="1">
  <testcase name="verifyThatUserRegisterAccountSuccessfully" time="6.255" classname="com.tutorialsninja.testsuite.MyAccountsPageTest"/>
  <system-out>
    <![CDATA[Clicking on my account: [[ChromeDriver: chrome on WINDOWS (440028f51391be1282a8b2cc82c55805)] -> xpath: //span[text()='My Account']]
Enter FirstName John to firstname field [[ChromeDriver: chrome on WINDOWS (440028f51391be1282a8b2cc82c55805)] -> id: input-firstname]
Enter lastname Wong to lastname field [[ChromeDriver: chrome on WINDOWS (440028f51391be1282a8b2cc82c55805)] -> id: input-lastname]
Enter Email jo@example.com to email field [[ChromeDriver: chrome on WINDOWS (440028f51391be1282a8b2cc82c55805)] -> id: input-email]
Enter telephone 235665656 to telephone field [[ChromeDriver: chrome on WINDOWS (440028f51391be1282a8b2cc82c55805)] -> id: input-telephone]
Enter password test123 to password field [[ChromeDriver: chrome on WINDOWS (440028f51391be1282a8b2cc82c55805)] -> id: input-password]
Enter Conformpassword test123 to confirm password field [[ChromeDriver: chrome on WINDOWS (440028f51391be1282a8b2cc82c55805)] -> id: input-confirm]
Click on Agree[[ChromeDriver: chrome on WINDOWS (440028f51391be1282a8b2cc82c55805)] -> xpath: //div[@class = 'buttons']//input[@name='agree']]
Click on continue[[ChromeDriver: chrome on WINDOWS (440028f51391be1282a8b2cc82c55805)] -> xpath: //div[@class = 'buttons']//input[@value='Continue']]
Verify your Account Message[[ChromeDriver: chrome on WINDOWS (440028f51391be1282a8b2cc82c55805)] -> xpath: //h1[contains(text(),'Your Account Has Been Created!')]]
Click on sucess continue button [[ChromeDriver: chrome on WINDOWS (440028f51391be1282a8b2cc82c55805)] -> xpath: //a[contains(text(),'Continue')]]
Click on my account link [[ChromeDriver: chrome on WINDOWS (440028f51391be1282a8b2cc82c55805)] -> xpath: //span[contains(text(),'My Account')]]]]>
  </system-out>
  <testcase name="verifyUserShouldNavigateToRegisterPageSuccessfully" time="4.233" classname="com.tutorialsninja.testsuite.MyAccountsPageTest"/>
  <system-out>
    <![CDATA[Clicking on my account: [[ChromeDriver: chrome on WINDOWS (76f3b575bc47e741499c95d483cc83cd)] -> xpath: //span[text()='My Account']]
Verify Register Account Text [[ChromeDriver: chrome on WINDOWS (76f3b575bc47e741499c95d483cc83cd)] -> xpath: //h1[text()='Register Account']]]]>
  </system-out>
  <testcase name="verifyThatUserShouldLoginAndLogoutSuccessfully" time="6.428" classname="com.tutorialsninja.testsuite.MyAccountsPageTest">
    <error type="org.openqa.selenium.StaleElementReferenceException" message="stale element reference: element is not attached to the page document
  (Session info: chrome=108.0.5359.99)
For documentation on this error, please visit: https://selenium.dev/exceptions/#stale_element_reference
Build info: version: &#039;4.6.0&#039;, revision: &#039;79f1c02ae20&#039;
System info: os.name: &#039;Windows 10&#039;, os.arch: &#039;amd64&#039;, os.version: &#039;10.0&#039;, java.version: &#039;1.8.0_121&#039;
Driver info: org.openqa.selenium.chrome.ChromeDriver
Command: [1799dee791ef2016e543ce5f487ff10a, clickElement {id=294452b9-281c-4e6e-902d-4e3106ab9304}]
Capabilities {acceptInsecureCerts: false, browserName: chrome, browserVersion: 108.0.5359.99, chrome: {chromedriverVersion: 108.0.5359.71 (1e0e3868ee06..., userDataDir: C:\Users\topig\AppData\Loca...}, goog:chromeOptions: {debuggerAddress: localhost:53211}, networkConnectionEnabled: false, pageLoadStrategy: normal, platformName: WINDOWS, proxy: Proxy(), se:cdp: ws://localhost:53211/devtoo..., se:cdpVersion: 108.0.5359.99, setWindowRect: true, strictFileInteractability: false, timeouts: {implicit: 0, pageLoad: 300000, script: 30000}, unhandledPromptBehavior: dismiss and notify, webauthn:extension:credBlob: true, webauthn:extension:largeBlob: true, webauthn:virtualAuthenticators: true}
Element: [[ChromeDriver: chrome on WINDOWS (1799dee791ef2016e543ce5f487ff10a)] -&gt; xpath: //span[text()=&#039;My Account&#039;]]
Session ID: 1799dee791ef2016e543ce5f487ff10a">
      <![CDATA[org.openqa.selenium.StaleElementReferenceException: stale element reference: element is not attached to the page document
  (Session info: chrome=108.0.5359.99)
For documentation on this error, please visit: https://selenium.dev/exceptions/#stale_element_reference
Build info: version: '4.6.0', revision: '79f1c02ae20'
System info: os.name: 'Windows 10', os.arch: 'amd64', os.version: '10.0', java.version: '1.8.0_121'
Driver info: org.openqa.selenium.chrome.ChromeDriver
Command: [1799dee791ef2016e543ce5f487ff10a, clickElement {id=294452b9-281c-4e6e-902d-4e3106ab9304}]
Capabilities {acceptInsecureCerts: false, browserName: chrome, browserVersion: 108.0.5359.99, chrome: {chromedriverVersion: 108.0.5359.71 (1e0e3868ee06..., userDataDir: C:\Users\topig\AppData\Loca...}, goog:chromeOptions: {debuggerAddress: localhost:53211}, networkConnectionEnabled: false, pageLoadStrategy: normal, platformName: WINDOWS, proxy: Proxy(), se:cdp: ws://localhost:53211/devtoo..., se:cdpVersion: 108.0.5359.99, setWindowRect: true, strictFileInteractability: false, timeouts: {implicit: 0, pageLoad: 300000, script: 30000}, unhandledPromptBehavior: dismiss and notify, webauthn:extension:credBlob: true, webauthn:extension:largeBlob: true, webauthn:virtualAuthenticators: true}
Element: [[ChromeDriver: chrome on WINDOWS (1799dee791ef2016e543ce5f487ff10a)] -> xpath: //span[text()='My Account']]
Session ID: 1799dee791ef2016e543ce5f487ff10a
at sun.reflect.NativeConstructorAccessorImpl.newInstance0(Native Method)
at sun.reflect.NativeConstructorAccessorImpl.newInstance(NativeConstructorAccessorImpl.java:62)
at sun.reflect.DelegatingConstructorAccessorImpl.newInstance(DelegatingConstructorAccessorImpl.java:45)
at java.lang.reflect.Constructor.newInstance(Constructor.java:423)
at org.openqa.selenium.remote.codec.w3c.W3CHttpResponseCodec.createException(W3CHttpResponseCodec.java:200)
at org.openqa.selenium.remote.codec.w3c.W3CHttpResponseCodec.decode(W3CHttpResponseCodec.java:133)
at org.openqa.selenium.remote.codec.w3c.W3CHttpResponseCodec.decode(W3CHttpResponseCodec.java:53)
at org.openqa.selenium.remote.HttpCommandExecutor.execute(HttpCommandExecutor.java:184)
at org.openqa.selenium.remote.service.DriverCommandExecutor.invokeExecute(DriverCommandExecutor.java:167)
at org.openqa.selenium.remote.service.DriverCommandExecutor.execute(DriverCommandExecutor.java:142)
at org.openqa.selenium.remote.RemoteWebDriver.execute(RemoteWebDriver.java:541)
at org.openqa.selenium.remote.RemoteWebElement.execute(RemoteWebElement.java:257)
at org.openqa.selenium.remote.RemoteWebElement.click(RemoteWebElement.java:78)
at sun.reflect.GeneratedMethodAccessor2.invoke(Unknown Source)
at sun.reflect.DelegatingMethodAccessorImpl.invoke(DelegatingMethodAccessorImpl.java:43)
at java.lang.reflect.Method.invoke(Method.java:498)
at org.openqa.selenium.support.pagefactory.internal.LocatingElementHandler.invoke(LocatingElementHandler.java:52)
at com.sun.proxy.$Proxy16.click(Unknown Source)
at com.tutorialsninja.utility.Utility.clickOnElement(Utility.java:53)
at com.tutorialsninja.pages.HomePage.clickOnMyAccount(HomePage.java:83)
at com.tutorialsninja.testsuite.MyAccountsPageTest.verifyThatUserShouldLoginAndLogoutSuccessfully(MyAccountsPageTest.java:74)
at sun.reflect.NativeMethodAccessorImpl.invoke0(Native Method)
at sun.reflect.NativeMethodAccessorImpl.invoke(NativeMethodAccessorImpl.java:62)
at sun.reflect.DelegatingMethodAccessorImpl.invoke(DelegatingMethodAccessorImpl.java:43)
at java.lang.reflect.Method.invoke(Method.java:498)
at org.testng.internal.invokers.MethodInvocationHelper.invokeMethod(MethodInvocationHelper.java:135)
at org.testng.internal.invokers.TestInvoker.invokeMethod(TestInvoker.java:673)
at org.testng.internal.invokers.TestInvoker.invokeTestMethod(TestInvoker.java:220)
at org.testng.internal.invokers.MethodRunner.runInSequence(MethodRunner.java:50)
at org.testng.internal.invokers.TestInvoker$MethodInvocationAgent.invoke(TestInvoker.java:945)
at org.testng.internal.invokers.TestInvoker.invokeTestMethods(TestInvoker.java:193)
at org.testng.internal.invokers.TestMethodWorker.invokeTestMethods(TestMethodWorker.java:146)
at org.testng.internal.invokers.TestMethodWorker.run(TestMethodWorker.java:128)
at java.util.ArrayList.forEach(ArrayList.java:1249)
at org.testng.TestRunner.privateRun(TestRunner.java:808)
at org.testng.TestRunner.run(TestRunner.java:603)
at org.testng.SuiteRunner.runTest(SuiteRunner.java:429)
at org.testng.SuiteRunner.runSequentially(SuiteRunner.java:423)
at org.testng.SuiteRunner.privateRun(SuiteRunner.java:383)
at org.testng.SuiteRunner.run(SuiteRunner.java:326)
at org.testng.SuiteRunnerWorker.runSuite(SuiteRunnerWorker.java:52)
at org.testng.SuiteRunnerWorker.run(SuiteRunnerWorker.java:95)
at org.testng.TestNG.runSuitesSequentially(TestNG.java:1249)
at org.testng.TestNG.runSuitesLocally(TestNG.java:1169)
at org.testng.TestNG.runSuites(TestNG.java:1092)
at org.testng.TestNG.run(TestNG.java:1060)
at com.intellij.rt.testng.IDEARemoteTestNG.run(IDEARemoteTestNG.java:66)
at com.intellij.rt.testng.RemoteTestNGStarter.main(RemoteTestNGStarter.java:109)
]]>
    </error>
  </testcase> <!-- verifyThatUserShouldLoginAndLogoutSuccessfully -->
  <system-out>
    <![CDATA[Clicking on my account: [[ChromeDriver: chrome on WINDOWS (1799dee791ef2016e543ce5f487ff10a)] -> xpath: //span[text()='My Account']]
Enter email prime123@gmail.com to email field [[ChromeDriver: chrome on WINDOWS (1799dee791ef2016e543ce5f487ff10a)] -> id: input-email]
Enter password test123 to email field [[ChromeDriver: chrome on WINDOWS (1799dee791ef2016e543ce5f487ff10a)] -> id: input-password]
Click on login button[[ChromeDriver: chrome on WINDOWS (1799dee791ef2016e543ce5f487ff10a)] -> xpath: //form[contains(@action,'login')]//input[@type='submit']]
Clicking on my account: [[ChromeDriver: chrome on WINDOWS (1799dee791ef2016e543ce5f487ff10a)] -> xpath: //span[text()='My Account']]
Click to see screenshot
<a target = "_blank" href=C:\Users\topig\IdeaProjects\com-tutorialninja-pagefactory-sw5/test-output/html/verifyThatUserShouldLoginAndLogoutSuccessfullyTue_Dec_13_17_39_22_GMT_2022.jpg>Screenshot</a>
<br>
<br>
<a target = "_blank" href=C:\Users\topig\IdeaProjects\com-tutorialninja-pagefactory-sw5/test-output/html/verifyThatUserShouldLoginAndLogoutSuccessfullyTue_Dec_13_17_39_22_GMT_2022.jpg><img src=C:\Users\topig\IdeaProjects\com-tutorialninja-pagefactory-sw5/test-output/html/verifyThatUserShouldLoginAndLogoutSuccessfullyTue_Dec_13_17_39_22_GMT_2022.jpg height=200 width=200></img></a>]]>
  </system-out>
  <testcase name="verifyUserShouldNavigateToLoginPageSuccessfully" time="3.917" classname="com.tutorialsninja.testsuite.MyAccountsPageTest"/>
  <system-out>
    <![CDATA[Clicking on my account: [[ChromeDriver: chrome on WINDOWS (a28f6fe539abe7a11737433acb256486)] -> xpath: //span[text()='My Account']]
Verifying returning customer: [[ChromeDriver: chrome on WINDOWS (a28f6fe539abe7a11737433acb256486)] -> xpath: //h2[contains(text(),'Returning Customer')]]]]>
  </system-out>
</testsuite> <!-- com.tutorialsninja.testsuite.MyAccountsPageTest -->
